app/build/outputs/mapping/devRelease/seeds.txt
com.catalent.onehub.presentation.ui.MainActivity
com.catalent.onehub.MainApplication
com.catalent.onehub.presentation.ui.MainActivity_GeneratedInjector
com.catalent.onehub.MainApplication_GeneratedInjector
com.catalent.onehub.presentation.ui.MainActivity: MainActivity()
com.catalent.onehub.MainApplication: MainApplication()
...
io.paperdb.R$styleable: int SwitchCompat_switchTextAppearance
com.esotericsoftware.kryo.util.IdentityMap: int PRIME2
io.paperdb.R$attr: int backgroundTint
io.paperdb.R$id: int tag_accessibility_clickable_spans
io.paperdb.R$string: int abc_searchview_description_clear
io.paperdb.R$color: int tooltip_background_dark
io.paperdb.R$dimen: int abc_star_small
com.esotericsoftware.kryo.serializers.FieldSerializerConfig: boolean fieldsCanBeNull
io.paperdb.R$style: int TextAppearance_AppCompat_Widget_ActionMode_Subtitle
com.esotericsoftware.kryo.Kryo$DefaultInstantiatorStrategy$1: java.lang.Class val$type
com.esotericsoftware.kryo.serializers.MapSerializer: com.esotericsoftware.kryo.Serializer valueSerializer
io.paperdb.R$attr: int actionBarPopupTheme
io.paperdb.R$attr: int textAllCaps
io.paperdb.R$style: int Widget_AppCompat_ActionBar
com.esotericsoftware.kryo.serializers.FieldSerializer$CachedField: boolean varIntsEnabled
io.paperdb.R$id: int tag_screen_reader_focusable
io.paperdb.R$styleable: int ActionBar_contentInsetStart
com.esotericsoftware.kryo.io.Input: int position
io.paperdb.R$id: int tag_window_insets_animation_callback
io.paperdb.R$id: int action_bar
io.paperdb.R$style: int Base_Widget_AppCompat_CompoundButton_Switch
io.paperdb.R$style: int TextAppearance_AppCompat_Widget_ActionBar_Menu
io.paperdb.R$style: int Widget_AppCompat_PopupMenu
io.paperdb.R$style: int Base_TextAppearance_AppCompat
io.paperdb.R$dimen: int abc_dialog_min_width_minor
io.paperdb.R$styleable: int MenuItem_actionProviderClass
io.paperdb.R$style: int Base_Widget_AppCompat_ButtonBar
io.paperdb.R$styleable: int AppCompatTheme_panelMenuListWidth
io.paperdb.R$styleable: int Toolbar_navigationContentDescription
io.paperdb.R$styleable: int TextAppearance_android_textColor
de.javakaffee.kryoserializers.UnmodifiableCollectionsSerializer$UnmodifiableCollection: de.javakaffee.kryoserializers.UnmodifiableCollectionsSerializer$UnmodifiableCollection MAP
io.paperdb.R$attr: int collapseContentDescription
com.esotericsoftware.kryo.util.MapReferenceResolver: com.esotericsoftware.kryo.util.IdentityObjectIntMap writtenObjects
com.esotericsoftware.kryo.serializers.UnsafeCacheFields$UnsafeRegionField: long len
com.esotericsoftware.kryo.io.Output: int maxCapacity
io.paperdb.R$styleable: int AppCompatTheme_windowNoTitle
io.paperdb.R$attr: int searchViewStyle
io.paperdb.R$drawable: int abc_ab_share_pack_mtrl_alpha
io.paperdb.R$attr: int toolbarStyle
io.paperdb.R$layout: int abc_screen_simple_overlay_action_mode
io.paperdb.R$style: int Base_TextAppearance_Widget_AppCompat_ExpandedMenu_Item
io.paperdb.R$attr: int spinBars
io.paperdb.R$styleable: int AppCompatTheme_colorSwitchThumbNormal
io.paperdb.R$styleable: int AlertDialog_listItemLayout
io.paperdb.R$styleable: int FontFamily_fontProviderPackage
de.javakaffee.kryoserializers.SubListSerializers$ArrayListSubListSerializer: java.lang.Class SUBLIST_CLASS
io.paperdb.R$attr: int actionModePasteDrawable
io.paperdb.R$styleable: int TextAppearance_android_shadowColor
io.paperdb.R$drawable: int abc_ic_commit_search_api_mtrl_alpha
io.paperdb.R$styleable: int SearchView_android_focusable
io.paperdb.R$styleable: int AppCompatTextView_fontFamily
io.paperdb.R$styleable: int Toolbar_subtitle
com.google.android.material.timepicker.TimeModel: android.os.Parcelable$Creator CREATOR
com.esotericsoftware.kryo.serializers.TaggedFieldSerializer: int writeFieldCount
io.paperdb.R$attr: int fontProviderFetchTimeout
io.paperdb.R$styleable: int AppCompatTheme_buttonStyle
io.paperdb.R$styleable: int AppCompatTheme_homeAsUpIndicator
io.paperdb.R$anim: int abc_grow_fade_in_from_bottom
io.paperdb.R$styleable: int FontFamilyFont_font
com.esotericsoftware.kryo.util.IntMap: int EMPTY
io.paperdb.R$style: int Widget_AppCompat_ActionButton_Overflow
io.paperdb.R$dimen: int abc_text_size_subtitle_material_toolbar
io.paperdb.R$styleable: int Spinner_android_dropDownWidth
io.paperdb.R$styleable: int LinearLayoutCompat_Layout_android_layout_width