app/build/outputs/mapping/devRelease/usage.txt
com.catalent.onehub.BuildConfig
com.catalent.onehub.DaggerMainApplication_HiltComponents_SingletonC$ActivityCImpl:
    public dagger.hilt.android.internal.builders.FragmentComponentBuilder fragmentComponentBuilder()
    public dagger.hilt.android.internal.builders.ViewComponentBuilder viewComponentBuilder()
com.catalent.onehub.DaggerMainApplication_HiltComponents_SingletonC$FragmentCBuilder
com.catalent.onehub.DaggerMainApplication_HiltComponents_SingletonC$FragmentCImpl
com.catalent.onehub.DaggerMainApplication_HiltComponents_SingletonC$ServiceCBuilder
com.catalent.onehub.DaggerMainApplication_HiltComponents_SingletonC$ServiceCImpl
com.catalent.onehub.DaggerMainApplication_HiltComponents_SingletonC$SingletonCImpl:
    public java.util.Set getDisableFragmentGetContextFix()
    public dagger.hilt.android.internal.builders.ServiceComponentBuilder serviceComponentBuilder()
com.catalent.onehub.DaggerMainApplication_HiltComponents_SingletonC$ViewCBuilder
com.catalent.onehub.DaggerMainApplication_HiltComponents_SingletonC$ViewCImpl
com.catalent.onehub.DaggerMainApplication_HiltComponents_SingletonC$ViewWithFragmentCBuilder
com.catalent.onehub.DaggerMainApplication_HiltComponents_SingletonC$ViewWithFragmentCImpl
com.catalent.onehub.DaggerMainApplication_HiltComponents_SingletonC:
    private void <init>()
com.catalent.onehub.Hilt_MainApplication:
    public synthetic bridge dagger.hilt.internal.GeneratedComponentManager componentManager()
com.catalent.onehub.MainApplication:
    private static final java.lang.String FEATURE_APP_USES_KOTLIN
com.catalent.onehub.MainApplication_ComponentTreeDeps
com.catalent.onehub.MainApplication_HiltComponents$ActivityC$Builder
com.catalent.onehub.MainApplication_HiltComponents$ActivityCBuilderModule
com.catalent.onehub.MainApplication_HiltComponents$ActivityRetainedC$Builder
com.catalent.onehub.MainApplication_HiltComponents$ActivityRetainedCBuilderModule
com.catalent.onehub.MainApplication_HiltComponents$FragmentC$Builder
com.catalent.onehub.MainApplication_HiltComponents$FragmentC
com.catalent.onehub.MainApplication_HiltComponents$FragmentCBuilderModule
com.catalent.onehub.MainApplication_HiltComponents$ServiceC$Builder
com.catalent.onehub.MainApplication_HiltComponents$ServiceC
com.catalent.onehub.MainApplication_HiltComponents$ServiceCBuilderModule
com.catalent.onehub.MainApplication_HiltComponents$ViewC$Builder
com.catalent.onehub.MainApplication_HiltComponents$ViewC
com.catalent.onehub.MainApplication_HiltComponents$ViewCBuilderModule
com.catalent.onehub.MainApplication_HiltComponents$ViewModelC$Builder
com.catalent.onehub.MainApplication_HiltComponents$ViewModelCBuilderModule
com.catalent.onehub.MainApplication_HiltComponents$ViewWithFragmentC$Builder
com.catalent.onehub.MainApplication_HiltComponents$ViewWithFragmentC
com.catalent.onehub.MainApplication_HiltComponents$ViewWithFragmentCBuilderModule
com.catalent.onehub.MainApplication_HiltComponents
com.catalent.onehub.R$array
com.catalent.onehub.R$color
com.catalent.onehub.R$drawable
com.catalent.onehub.R$mipmap
com.catalent.onehub.R$string:
    public static int app_name
    public static int clear_button
    public static int fetch_accounts_button
    public static int fetch_contacts_button
    public static int logout_button
    public static int oauthRedirectURI
    public static int remoteAccessConsumerKey
    public static int welcome
    private void <init>()
com.catalent.onehub.R$style
com.catalent.onehub.R$xml
com.catalent.onehub.R
...
androidx.compose.material3.ButtonColors:
    static void <clinit>()
    public static long containerColor-vNxB06k$material3_release()
    public static long contentColor-vNxB06k$material3_release()
    public static androidx.compose.material3.ButtonColors copy-jRlVdoo()
androidx.compose.material3.ButtonDefaults:
    public static final int $stable
    public static final float ButtonHorizontalPadding
    public static final float ButtonVerticalPadding
    public static final androidx.compose.foundation.layout.PaddingValues ButtonWithIconContentPadding
    public static final float ButtonWithIconHorizontalStartPadding
    public static final androidx.compose.material3.ButtonDefaults INSTANCE
    public static final float IconSize
    public static final float IconSpacing
    public static final float TextButtonHorizontalPadding
    public static final androidx.compose.foundation.layout.PaddingValues TextButtonWithIconContentPadding
    public static final float TextButtonWithIconHorizontalEndPadding
    public static androidx.compose.material3.ButtonColors buttonColors()
    public static androidx.compose.material3.ButtonElevation buttonElevation-R_JCAzs()
    public static androidx.compose.foundation.layout.PaddingValues getContentPadding()
    public static androidx.compose.material3.ButtonColors getDefaultButtonColors$material3_release()
    public static androidx.compose.material3.ButtonColors getDefaultTextButtonColors$material3_release()
    public static float getMinHeight-D9Ej5fM()
    public static float getMinWidth-D9Ej5fM()
    public static androidx.compose.ui.graphics.Shape getOutlinedShape()
    public static androidx.compose.ui.graphics.Shape getShape()
androidx.compose.material3.ButtonElevation$animateElevation$1$1$1:
    public final java.lang.Object emit$1()
androidx.compose.material3.ButtonElevation$animateElevation$1$1:
    public final java.lang.Object invoke$3()
androidx.compose.material3.ButtonElevation$animateElevation$2$1:
    public final java.lang.Object invoke$3()
androidx.compose.material3.ButtonElevation:
    static void <clinit>()
    public static androidx.compose.runtime.State shadowElevation$material3_release()
androidx.compose.material3.ButtonKt$Button$1:
    public final void invoke$13()
androidx.compose.material3.ButtonKt$Button$2$1:
    public final void invoke$3()
androidx.compose.material3.ButtonKt$Button$2:
    public final void invoke$3()
androidx.compose.material3.ButtonKt$Button$3:
    public final synthetic androidx.compose.foundation.interaction.MutableInteractionSourceImpl $interactionSource
    public final void invoke$3()
androidx.compose.material3.ButtonKt$OutlinedButton$1:
    public final synthetic androidx.compose.material3.ButtonElevation $elevation
    public final synthetic androidx.compose.foundation.interaction.MutableInteractionSourceImpl $interactionSource
    public final void invoke$3()
androidx.compose.material3.ButtonKt$TextButton$1:
    public final synthetic int $$changed
    public final synthetic int $$default
    public final synthetic androidx.compose.foundation.BorderStroke $border
    public final synthetic androidx.compose.material3.ButtonElevation $elevation
    public final synthetic androidx.compose.foundation.interaction.MutableInteractionSourceImpl $interactionSource
    public final void invoke$3()
androidx.compose.material3.CardColors:
    static void <clinit>()
    public static long containerColor-vNxB06k$material3_release()
    public static long contentColor-vNxB06k$material3_release()
androidx.compose.material3.CardDefaults
androidx.compose.material3.CardElevation$animateElevation$1$1$1
androidx.compose.material3.CardElevation$animateElevation$1$1
androidx.compose.material3.CardElevation$animateElevation$2$1
androidx.compose.material3.CardElevation:
    public final float draggedElevation
    static void <clinit>()
    public static androidx.compose.runtime.State shadowElevation$material3_release()